All processes are communicating and ready to proceed to simulation...
CPU threads per process: 1
Ansys Lumerical 2026 R1 FDTD Solver Version 8.35.4413 (Windows 64bit)
 expires (month/day/year): 5/7/2026
using config file: Ansys Licensing set with ANSYSLMD_LICENSE_FILE
license host: 1055@192.168.50.197
current time: 週四 四月 16 01:23:34 2026
Running on host: MSI
host available memory (GiB) 19.005

All processes are communicating and ready to proceed to simulation...
Detected 10 processes on 1 host
This process is the local leader
Running fsp file: C:\Program Files\Lumerical\v261\bin\fdtd-engine-msmpi.exe -t 1 -remote C:/Users/etk02/Desktop/光學比賽/d2nn_example/Diffractive-Deep-Neural-Networks/D2NN_Simulation.fsp
Estimate of memory required: 15.646 GiB

Sharing project file with 9 peer processes on this host
All processes are communicating and ready to proceed to simulation...
number of processors is 10
processors are distributed as: 1x2x5
Peak CPU memory used by end of initialization: 0.204862 GiB
Running 3D Simulation
Starting meshing
Simulation size in gridpoints: 311 x 156 x 361
Refined 0 mesh cells (0.000000%)
Completed meshing!
Meshing complete in 3.203125 seconds of CPU time
24% initialized.
33% initialized.
Starting meshing
Simulation size in gridpoints: 311 x 156 x 361
Refined 0 mesh cells (0.000000%)
Completed meshing!
Meshing complete in 2.234375 seconds of CPU time
57% initialized.
66% initialized.
Starting meshing
Simulation size in gridpoints: 311 x 156 x 361
Refined 0 mesh cells (0.000000%)
Completed meshing!
Meshing complete in 2.203125 seconds of CPU time
90% initialized.
99% initialized.
finished material properties
Meshing Time: 9.619975 seconds, Init Electrical Material Time: 2.019207 seconds, Init Magnetic Material Time: 0.058774
Using selected optimization level: 2
Selecting 3d kernel for splitFieldDirection=0 and optLevel=2
100% initialized.
-----------------------------------------
Beginning initialization of 3D Simulation
Starting to add sources to simulation
Adding 3D Gaussian source propagating in Z
Starting to add boundary conditions to simulation
Adding 3D PML BC
Adding 3D PML BC
Adding 3D PML BC
Adding 3D Parallel BC
Adding 3D PML BC
Adding 3D Parallel BC
Starting to add monitors to Simulation
Adding analysis monitor
Adding 3D DFT monitor
Adding 3D DFT monitor
Finished initialization of 3D Simulation
-----------------------------------------
Peak CPU memory used by end of meshing: 1.776834 GiB
All processes are communicating and ready to proceed to simulation...
Starting 61003 total iterations
0.0393426% complete. Elapsed simulation time: 1.96713e-12 secs. Max time remaining: 7 hrs, 45 mins, 48 secs. Auto Shutoff: 1
1.04258% complete. Elapsed simulation time: 5.2129e-11 secs. Max time remaining: 8 hrs, 35 secs. Auto Shutoff: 0.959502
2.0491% complete. Elapsed simulation time: 1.02455e-10 secs. Max time remaining: 8 hrs, 2 mins, 14 secs. Auto Shutoff: 0.92533
3.01955% complete. Elapsed simulation time: 1.50977e-10 secs. Max time remaining: 8 hrs, 5 mins, 31 secs. Auto Shutoff: 0.76174
4.0195% complete. Elapsed simulation time: 2.00975e-10 secs. Max time remaining: 8 hrs, 36 secs. Auto Shutoff: 0.40063
5.02274% complete. Elapsed simulation time: 2.51137e-10 secs. Max time remaining: 7 hrs, 55 mins, 36 secs. Auto Shutoff: 0.204081
6.02598% complete. Elapsed simulation time: 3.01299e-10 secs. Max time remaining: 7 hrs, 49 mins, 31 secs. Auto Shutoff: 0.10135
7.02922% complete. Elapsed simulation time: 3.51461e-10 secs. Max time remaining: 7 hrs, 42 mins, 59 secs. Auto Shutoff: 0.0633547
8.03245% complete. Elapsed simulation time: 4.01623e-10 secs. Max time remaining: 7 hrs, 36 mins, 41 secs. Auto Shutoff: 0.0378726
9.03569% complete. Elapsed simulation time: 4.51784e-10 secs. Max time remaining: 7 hrs, 30 mins, 5 secs. Auto Shutoff: 0.0250432
10.0422% complete. Elapsed simulation time: 5.0211e-10 secs. Max time remaining: 7 hrs, 22 mins, 59 secs. Auto Shutoff: 0.00236581
11.0454% complete. Elapsed simulation time: 5.52272e-10 secs. Max time remaining: 7 hrs, 16 mins, 15 secs. Auto Shutoff: 0.00133413
12.0487% complete. Elapsed simulation time: 6.02434e-10 secs. Max time remaining: 7 hrs, 9 mins, 34 secs. Auto Shutoff: 0.000629843
13.0552% complete. Elapsed simulation time: 6.5276e-10 secs. Max time remaining: 7 hrs, 3 mins, 10 secs. Auto Shutoff: 0.000313331
14.0617% complete. Elapsed simulation time: 7.03086e-10 secs. Max time remaining: 6 hrs, 57 mins, 4 secs. Auto Shutoff: 0.000119985
15.0682% complete. Elapsed simulation time: 7.53411e-10 secs. Max time remaining: 6 hrs, 51 mins, 11 secs. Auto Shutoff: 7.64176e-05
16.0747% complete. Elapsed simulation time: 8.03737e-10 secs. Max time remaining: 6 hrs, 45 mins, 21 secs. Auto Shutoff: 4.18922e-05
17.078% complete. Elapsed simulation time: 8.53899e-10 secs. Max time remaining: 6 hrs, 39 mins, 37 secs. Auto Shutoff: 2.12406e-05
100% complete. Max time remaining: 0 mins, 0 secs. Auto Shutoff: 8.08548e-06
Early termination of simulation, the autoshutoff criteria are satisfied.
Completed 10643 iterations, or 8.723408e-10s of Simulation Time
Process 0 starting to collect data
    collecting monitor data
    collecting source data
Finished collecting data
Simulation completed successfully at: 週四 四月 16 02:48:11 2026
Peak CPU memory used in the simulation (GiB): 1.776834
Overall wall time measurements in seconds: 5079.399815
  time to mesh and initialize: 32.252963
  time to run FDTD simulation: 5042.024255
  time to checkpoint simulation: 0.000000
  time to finalize data and save to files: 0.789411
  miscellaneous time: 4.333151
  FDTD solver speed on process 0 (Mnodes/s): 36.970159
  total FDTD solver speed on 10 processes (Mnodes/s): 369.701592

