All processes are communicating and ready to proceed to simulation...
CPU threads per process: 1
Ansys Lumerical 2026 R1 FDTD Solver Version 8.35.4413 (Windows 64bit)
 expires (month/day/year): 5/7/2026
using config file: Ansys Licensing set with ANSYSLMD_LICENSE_FILE
license host: 1055@192.168.50.197
current time: 週二 四月 14 22:31:48 2026
Running on host: MSI
host available memory (GiB) 16.886

All processes are communicating and ready to proceed to simulation...
Detected 10 processes on 1 host
This process is the local leader
Running fsp file: C:\Program Files\Lumerical\v261\bin\fdtd-engine-msmpi.exe -t 1 -remote C:/Users/etk02/Desktop/光學比賽/Metasurface_UnitCell_V261_Compatible.fsp
Estimate of memory required: 0.075 GiB

Sharing project file with 9 peer processes on this host
All processes are communicating and ready to proceed to simulation...
number of processors is 10
processors are distributed as: 1x2x5
Peak CPU memory used by end of initialization: 0.077455 GiB
Running 3D Simulation
Starting meshing
Simulation size in gridpoints: 22 x 12 x 17
Refined 0 mesh cells (0.000000%)
Completed meshing!
Meshing complete in 0.000000 seconds of CPU time
24% initialized.
33% initialized.
Starting meshing
Simulation size in gridpoints: 22 x 12 x 17
Refined 0 mesh cells (0.000000%)
Completed meshing!
Meshing complete in 0.000000 seconds of CPU time
57% initialized.
66% initialized.
Starting meshing
Simulation size in gridpoints: 22 x 12 x 17
Refined 0 mesh cells (0.000000%)
Completed meshing!
Meshing complete in 0.000000 seconds of CPU time
90% initialized.
99% initialized.
finished material properties
Meshing Time: 0.004616 seconds, Init Electrical Material Time: 0.006137 seconds, Init Magnetic Material Time: 0.000016
Using selected optimization level: 2
Selecting 3d kernel for splitFieldDirection=0 and optLevel=2
100% initialized.
-----------------------------------------
Beginning initialization of 3D Simulation
Starting to add sources to simulation
Adding 3D Gaussian source propagating in Z
Starting to add boundary conditions to simulation
Adding 3D Periodic BC
Adding 3D Periodic BC
Adding 3D Parallel BC
Adding 3D Parallel BC
Adding 3D PML BC
Adding 3D Parallel BC
Starting to add monitors to Simulation
Adding analysis monitor
Adding 3D DFT monitor
Finished initialization of 3D Simulation
-----------------------------------------
Peak CPU memory used by end of meshing: 0.079202 GiB
All processes are communicating and ready to proceed to simulation...
Starting 25656 total iterations
0.187094% complete. Elapsed simulation time: 1.87094e-15 secs. Max time remaining: 32 secs. Auto Shutoff: 1
1.93331% complete. Elapsed simulation time: 1.93331e-14 secs. Max time remaining: 17 secs. Auto Shutoff: 1
3.92898% complete. Elapsed simulation time: 3.92898e-14 secs. Max time remaining: 16 secs. Auto Shutoff: 0.276226
7.92033% complete. Elapsed simulation time: 7.92033e-14 secs. Max time remaining: 16 secs. Auto Shutoff: 0.118285
15.903% complete. Elapsed simulation time: 1.5903e-13 secs. Max time remaining: 15 secs. Auto Shutoff: 0.0404887
23.8857% complete. Elapsed simulation time: 2.38857e-13 secs. Max time remaining: 15 secs. Auto Shutoff: 0.0152692
31.8684% complete. Elapsed simulation time: 3.18684e-13 secs. Max time remaining: 14 secs. Auto Shutoff: 0.0114874
39.8511% complete. Elapsed simulation time: 3.98511e-13 secs. Max time remaining: 12 secs. Auto Shutoff: 0.00484424
47.8338% complete. Elapsed simulation time: 4.78338e-13 secs. Max time remaining: 11 secs. Auto Shutoff: 0.00312773
55.8165% complete. Elapsed simulation time: 5.58165e-13 secs. Max time remaining: 9 secs. Auto Shutoff: 0.00271457
63.7992% complete. Elapsed simulation time: 6.37992e-13 secs. Max time remaining: 7 secs. Auto Shutoff: 0.00265916
71.7819% complete. Elapsed simulation time: 7.17819e-13 secs. Max time remaining: 6 secs. Auto Shutoff: 0.00207821
79.7646% complete. Elapsed simulation time: 7.97646e-13 secs. Max time remaining: 4 secs. Auto Shutoff: 0.00205346
87.7473% complete. Elapsed simulation time: 8.77473e-13 secs. Max time remaining: 2 secs. Auto Shutoff: 0.00174788
95.73% complete. Elapsed simulation time: 9.573e-13 secs. Max time remaining: 1 secs. Auto Shutoff: 0.0015409
100% complete. Elapsed simulation time: 1.00002e-12 secs. Max time remaining: 0 secs. Auto Shutoff: 0.001313
Completed 25656 iterations, or 1.000019e-12s of Simulation Time
Process 0 starting to collect data
    collecting monitor data
    collecting source data
Finished collecting data
Simulation completed successfully at: 週二 四月 14 22:32:08 2026
Peak CPU memory used in the simulation (GiB): 0.080960
Overall wall time measurements in seconds: 20.985801
  time to mesh and initialize: 0.073147
  time to run FDTD simulation: 19.886516
  time to checkpoint simulation: 0.000000
  time to finalize data and save to files: 0.015678
  miscellaneous time: 1.010432
  FDTD solver speed on process 0 (Mnodes/s): 5.790060
  total FDTD solver speed on 10 processes (Mnodes/s): 57.900603

